<?xml version="1.0" encoding="UTF-8"?>
<!-- Generated by org.testng.reporters.JUnitReportReporter -->
<testsuite hostname="DESKTOP-D6DO249" failures="0" tests="1" name="com.annotations.Annontations" time="1.187" errors="0" timestamp="2022-07-03T15:08:12 EDT" skipped="0">
  <testcase classname="com.annotations.Annontations" name="login" time="1.187"/>
  <system-out/>
</testsuite> <!-- com.annotations.Annontations -->
